# JRE version: OpenJDK Runtime Environment (21.0.9) (build 21.0.9+-14787801-b1163.94)
# Java VM: OpenJDK 64-Bit Server VM (21.0.9+-14787801-b1163.94, mixed mode, tiered, compressed oops, compressed class ptrs, g1 gc, windows-amd64)
GC Precious Log:
 CardTable entry size: 512
 Card Set container configuration: InlinePtr #cards 5 size 8 Array Of Cards #cards 12 size 40 Howl #buckets 4 coarsen threshold 1843 Howl Bitmap #cards 512 size 80 coarsen threshold 460 Card regions per heap region 1 cards per card region 2048
 CPUs: 4 total, 4 available
 Memory: 7930M
 Large Page Support: Disabled
 NUMA Support: Disabled
 Compressed Oops: Enabled (32-bit)
 Heap Region Size: 1M
 Heap Min Capacity: 8M
 Heap Initial Capacity: 124M
 Heap Max Capacity: 1G
 Pre-touch: Disabled
 Parallel Workers: 4
 Concurrent Workers: 1
 Concurrent Refinement Workers: 4
 Periodic GC: Disabled
Heap:
 garbage-first heap   total 467968K, used 392192K [0x00000000c0000000, 0x0000000100000000)
  region size 1024K, 9 young (9216K), 8 survivors (8192K)
 Metaspace       used 167263K, committed 168640K, reserved 409600K
  class space    used 22180K, committed 22848K, reserved 212992K
GC Heap History (20 events):
Event: 1391.088 GC heap before
{Heap before GC invocations=81 (full 0):
 garbage-first heap   total 423936K, used 367984K [0x00000000c0000000, 0x0000000100000000)
  region size 1024K, 167 young (171008K), 11 survivors (11264K)
 Metaspace       used 147762K, committed 149120K, reserved 344064K
  class space    used 19522K, committed 20160K, reserved 212992K
}
Event: 1391.126 GC heap after
{Heap after GC invocations=82 (full 0):
 garbage-first heap   total 423936K, used 212848K [0x00000000c0000000, 0x0000000100000000)
  region size 1024K, 14 young (14336K), 14 survivors (14336K)
 Metaspace       used 147762K, committed 149120K, reserved 344064K
  class space    used 19522K, committed 20160K, reserved 212992K
}
Event: 1396.846 GC heap before
{Heap before GC invocations=82 (full 0):
 garbage-first heap   total 423936K, used 387952K [0x00000000c0000000, 0x0000000100000000)
  region size 1024K, 186 young (190464K), 14 survivors (14336K)
 Metaspace       used 157095K, committed 158528K, reserved 409600K
  class space    used 20840K, committed 21568K, reserved 212992K
}
Event: 1396.903 GC heap after
{Heap after GC invocations=83 (full 0):
 garbage-first heap   total 423936K, used 196123K [0x00000000c0000000, 0x0000000100000000)
  region size 1024K, 13 young (13312K), 13 survivors (13312K)
 Metaspace       used 157095K, committed 158528K, reserved 409600K
  class space    used 20840K, committed 21568K, reserved 212992K
}
Event: 1403.224 GC heap before
{Heap before GC invocations=83 (full 0):
 garbage-first heap   total 423936K, used 391707K [0x00000000c0000000, 0x0000000100000000)
  region size 1024K, 204 young (208896K), 13 survivors (13312K)
 Metaspace       used 165373K, committed 166784K, reserved 409600K
  class space    used 21961K, committed 22656K, reserved 212992K
}
Event: 1403.264 GC heap after
{Heap after GC invocations=84 (full 0):
 garbage-first heap   total 423936K, used 198683K [0x00000000c0000000, 0x0000000100000000)
  region size 1024K, 16 young (16384K), 16 survivors (16384K)
 Metaspace       used 165373K, committed 166784K, reserved 409600K
  class space    used 21961K, committed 22656K, reserved 212992K
}
Event: 1407.495 GC heap before
{Heap before GC invocations=85 (full 0):
 garbage-first heap   total 423936K, used 396315K [0x00000000c0000000, 0x0000000100000000)
  region size 1024K, 209 young (214016K), 16 survivors (16384K)
 Metaspace       used 165917K, committed 167296K, reserved 409600K
  class space    used 22013K, committed 22720K, reserved 212992K
}
Event: 1407.555 GC heap after
{Heap after GC invocations=86 (full 0):
 garbage-first heap   total 423936K, used 199761K [0x00000000c0000000, 0x0000000100000000)
  region size 1024K, 14 young (14336K), 14 survivors (14336K)
 Metaspace       used 165917K, committed 167296K, reserved 409600K
  class space    used 22013K, committed 22720K, reserved 212992K
}
Event: 1410.249 GC heap before
{Heap before GC invocations=86 (full 0):
 garbage-first heap   total 423936K, used 421969K [0x00000000c0000000, 0x0000000100000000)
  region size 1024K, 149 young (152576K), 14 survivors (14336K)
 Metaspace       used 166786K, committed 168256K, reserved 409600K
  class space    used 22135K, committed 22848K, reserved 212992K
}
Event: 1410.320 GC heap after
{Heap after GC invocations=87 (full 0):
 garbage-first heap   total 463872K, used 266240K [0x00000000c0000000, 0x0000000100000000)
  region size 1024K, 26 young (26624K), 26 survivors (26624K)
 Metaspace       used 166786K, committed 168256K, reserved 409600K
  class space    used 22135K, committed 22848K, reserved 212992K
}
Event: 1410.506 GC heap before
{Heap before GC invocations=87 (full 0):
 garbage-first heap   total 463872K, used 280576K [0x00000000c0000000, 0x0000000100000000)
  region size 1024K, 42 young (43008K), 26 survivors (26624K)
 Metaspace       used 166786K, committed 168256K, reserved 409600K
  class space    used 22135K, committed 22848K, reserved 212992K
}
Event: 1410.565 GC heap after
{Heap after GC invocations=88 (full 0):
 garbage-first heap   total 463872K, used 275456K [0x00000000c0000000, 0x0000000100000000)
  region size 1024K, 9 young (9216K), 9 survivors (9216K)
 Metaspace       used 166786K, committed 168256K, reserved 409600K
  class space    used 22135K, committed 22848K, reserved 212992K
}
Event: 1412.600 GC heap before
{Heap before GC invocations=89 (full 0):
 garbage-first heap   total 467968K, used 402432K [0x00000000c0000000, 0x0000000100000000)
  region size 1024K, 126 young (129024K), 9 survivors (9216K)
 Metaspace       used 167250K, committed 168640K, reserved 409600K
  class space    used 22180K, committed 22848K, reserved 212992K
}
Event: 1412.803 GC heap after
{Heap after GC invocations=90 (full 0):
 garbage-first heap   total 467968K, used 332288K [0x00000000c0000000, 0x0000000100000000)
  region size 1024K, 16 young (16384K), 16 survivors (16384K)
 Metaspace       used 167250K, committed 168640K, reserved 409600K
  class space    used 22180K, committed 22848K, reserved 212992K
}
Event: 1412.970 GC heap before
{Heap before GC invocations=90 (full 0):
 garbage-first heap   total 467968K, used 338432K [0x00000000c0000000, 0x0000000100000000)
  region size 1024K, 22 young (22528K), 16 survivors (16384K)
 Metaspace       used 167254K, committed 168640K, reserved 409600K
  class space    used 22180K, committed 22848K, reserved 212992K
}
Event: 1413.083 GC heap after
{Heap after GC invocations=91 (full 0):
 garbage-first heap   total 467968K, used 334336K [0x00000000c0000000, 0x0000000100000000)
  region size 1024K, 3 young (3072K), 3 survivors (3072K)
 Metaspace       used 167254K, committed 168640K, reserved 409600K
  class space    used 22180K, committed 22848K, reserved 212992K
}
Event: 1414.388 GC heap before
{Heap before GC invocations=91 (full 0):
 garbage-first heap   total 467968K, used 404992K [0x00000000c0000000, 0x0000000100000000)
  region size 1024K, 73 young (74752K), 3 survivors (3072K)
 Metaspace       used 167256K, committed 168640K, reserved 409600K
  class space    used 22180K, committed 22848K, reserved 212992K
}
Event: 1414.497 GC heap after
{Heap after GC invocations=92 (full 0):
 garbage-first heap   total 467968K, used 369664K [0x00000000c0000000, 0x0000000100000000)
  region size 1024K, 10 young (10240K), 10 survivors (10240K)
 Metaspace       used 167256K, committed 168640K, reserved 409600K
  class space    used 22180K, committed 22848K, reserved 212992K
}
Event: 1415.925 GC heap before
{Heap before GC invocations=92 (full 0):
 garbage-first heap   total 467968K, used 417792K [0x00000000c0000000, 0x0000000100000000)
  region size 1024K, 57 young (58368K), 10 survivors (10240K)
 Metaspace       used 167263K, committed 168640K, reserved 409600K
  class space    used 22180K, committed 22848K, reserved 212992K
}
Event: 1416.020 GC heap after
{Heap after GC invocations=93 (full 0):
 garbage-first heap   total 467968K, used 394240K [0x00000000c0000000, 0x0000000100000000)
  region size 1024K, 8 young (8192K), 8 survivors (8192K)
 Metaspace       used 167263K, committed 168640K, reserved 409600K
  class space    used 22180K, committed 22848K, reserved 212992K
}

