# JRE version: OpenJDK Runtime Environment (21.0.9) (build 21.0.9+-14787801-b1163.94)
# Java VM: OpenJDK 64-Bit Server VM (21.0.9+-14787801-b1163.94, mixed mode, tiered, compressed oops, compressed class ptrs, g1 gc, windows-amd64)
GC Precious Log:
 CardTable entry size: 512
 Card Set container configuration: InlinePtr #cards 5 size 8 Array Of Cards #cards 12 size 40 Howl #buckets 4 coarsen threshold 1843 Howl Bitmap #cards 512 size 80 coarsen threshold 460 Card regions per heap region 1 cards per card region 2048
 CPUs: 4 total, 4 available
 Memory: 7930M
 Large Page Support: Disabled
 NUMA Support: Disabled
 Compressed Oops: Enabled (32-bit)
 Heap Region Size: 1M
 Heap Min Capacity: 8M
 Heap Initial Capacity: 124M
 Heap Max Capacity: 1984M
 Pre-touch: Disabled
 Parallel Workers: 4
 Concurrent Workers: 1
 Concurrent Refinement Workers: 4
 Periodic GC: Disabled
Heap:
 garbage-first heap   total 90112K, used 61920K [0x0000000084000000, 0x0000000100000000)
  region size 1024K, 14 young (14336K), 4 survivors (4096K)
 Metaspace       used 60441K, committed 61184K, reserved 1114112K
  class space    used 7145K, committed 7488K, reserved 1048576K
GC Heap History (20 events):
Event: 13.881 GC heap before
{Heap before GC invocations=11 (full 0):
 garbage-first heap   total 51200K, used 42092K [0x0000000084000000, 0x0000000100000000)
  region size 1024K, 22 young (22528K), 2 survivors (2048K)
 Metaspace       used 44578K, committed 45184K, reserved 1114112K
  class space    used 5501K, committed 5824K, reserved 1048576K
}
Event: 13.895 GC heap after
{Heap after GC invocations=12 (full 0):
 garbage-first heap   total 51200K, used 24008K [0x0000000084000000, 0x0000000100000000)
  region size 1024K, 2 young (2048K), 2 survivors (2048K)
 Metaspace       used 44578K, committed 45184K, reserved 1114112K
  class space    used 5501K, committed 5824K, reserved 1048576K
}
Event: 16.477 GC heap before
{Heap before GC invocations=12 (full 0):
 garbage-first heap   total 51200K, used 43464K [0x0000000084000000, 0x0000000100000000)
  region size 1024K, 21 young (21504K), 2 survivors (2048K)
 Metaspace       used 48349K, committed 49024K, reserved 1114112K
  class space    used 5963K, committed 6272K, reserved 1048576K
}
Event: 16.497 GC heap after
{Heap after GC invocations=13 (full 0):
 garbage-first heap   total 51200K, used 26908K [0x0000000084000000, 0x0000000100000000)
  region size 1024K, 3 young (3072K), 3 survivors (3072K)
 Metaspace       used 48349K, committed 49024K, reserved 1114112K
  class space    used 5963K, committed 6272K, reserved 1048576K
}
Event: 17.877 GC heap before
{Heap before GC invocations=13 (full 0):
 garbage-first heap   total 51200K, used 40220K [0x0000000084000000, 0x0000000100000000)
  region size 1024K, 17 young (17408K), 3 survivors (3072K)
 Metaspace       used 51626K, committed 52224K, reserved 1114112K
  class space    used 6361K, committed 6656K, reserved 1048576K
}
Event: 17.898 GC heap after
{Heap after GC invocations=14 (full 0):
 garbage-first heap   total 51200K, used 28958K [0x0000000084000000, 0x0000000100000000)
  region size 1024K, 2 young (2048K), 2 survivors (2048K)
 Metaspace       used 51626K, committed 52224K, reserved 1114112K
  class space    used 6361K, committed 6656K, reserved 1048576K
}
Event: 19.021 GC heap before
{Heap before GC invocations=15 (full 0):
 garbage-first heap   total 53248K, used 46366K [0x0000000084000000, 0x0000000100000000)
  region size 1024K, 17 young (17408K), 2 survivors (2048K)
 Metaspace       used 53950K, committed 54656K, reserved 1114112K
  class space    used 6643K, committed 6976K, reserved 1048576K
}
Event: 19.040 GC heap after
{Heap after GC invocations=16 (full 0):
 garbage-first heap   total 53248K, used 34023K [0x0000000084000000, 0x0000000100000000)
  region size 1024K, 3 young (3072K), 3 survivors (3072K)
 Metaspace       used 53950K, committed 54656K, reserved 1114112K
  class space    used 6643K, committed 6976K, reserved 1048576K
}
Event: 19.274 GC heap before
{Heap before GC invocations=16 (full 0):
 garbage-first heap   total 53248K, used 46311K [0x0000000084000000, 0x0000000100000000)
  region size 1024K, 15 young (15360K), 3 survivors (3072K)
 Metaspace       used 54088K, committed 54784K, reserved 1114112K
  class space    used 6652K, committed 6976K, reserved 1048576K
}
Event: 19.300 GC heap after
{Heap after GC invocations=17 (full 0):
 garbage-first heap   total 55296K, used 36832K [0x0000000084000000, 0x0000000100000000)
  region size 1024K, 2 young (2048K), 2 survivors (2048K)
 Metaspace       used 54088K, committed 54784K, reserved 1114112K
  class space    used 6652K, committed 6976K, reserved 1048576K
}
Event: 19.462 GC heap before
{Heap before GC invocations=17 (full 0):
 garbage-first heap   total 55296K, used 48096K [0x0000000084000000, 0x0000000100000000)
  region size 1024K, 13 young (13312K), 2 survivors (2048K)
 Metaspace       used 54131K, committed 54784K, reserved 1114112K
  class space    used 6652K, committed 6976K, reserved 1048576K
}
Event: 19.469 GC heap after
{Heap after GC invocations=18 (full 0):
 garbage-first heap   total 55296K, used 36896K [0x0000000084000000, 0x0000000100000000)
  region size 1024K, 1 young (1024K), 1 survivors (1024K)
 Metaspace       used 54131K, committed 54784K, reserved 1114112K
  class space    used 6652K, committed 6976K, reserved 1048576K
}
Event: 20.187 GC heap before
{Heap before GC invocations=19 (full 0):
 garbage-first heap   total 63488K, used 48160K [0x0000000084000000, 0x0000000100000000)
  region size 1024K, 12 young (12288K), 1 survivors (1024K)
 Metaspace       used 54650K, committed 55360K, reserved 1114112K
  class space    used 6682K, committed 7040K, reserved 1048576K
}
Event: 20.199 GC heap after
{Heap after GC invocations=20 (full 0):
 garbage-first heap   total 63488K, used 38304K [0x0000000084000000, 0x0000000100000000)
  region size 1024K, 2 young (2048K), 2 survivors (2048K)
 Metaspace       used 54650K, committed 55360K, reserved 1114112K
  class space    used 6682K, committed 7040K, reserved 1048576K
}
Event: 21.786 GC heap before
{Heap before GC invocations=20 (full 0):
 garbage-first heap   total 63488K, used 53664K [0x0000000084000000, 0x0000000100000000)
  region size 1024K, 18 young (18432K), 2 survivors (2048K)
 Metaspace       used 57215K, committed 57920K, reserved 1114112K
  class space    used 6937K, committed 7296K, reserved 1048576K
}
Event: 21.808 GC heap after
{Heap after GC invocations=21 (full 0):
 garbage-first heap   total 90112K, used 38880K [0x0000000084000000, 0x0000000100000000)
  region size 1024K, 3 young (3072K), 3 survivors (3072K)
 Metaspace       used 57215K, committed 57920K, reserved 1114112K
  class space    used 6937K, committed 7296K, reserved 1048576K
}
Event: 24.565 GC heap before
{Heap before GC invocations=21 (full 0):
 garbage-first heap   total 90112K, used 70624K [0x0000000084000000, 0x0000000100000000)
  region size 1024K, 35 young (35840K), 3 survivors (3072K)
 Metaspace       used 59597K, committed 60288K, reserved 1114112K
  class space    used 7107K, committed 7424K, reserved 1048576K
}
Event: 24.617 GC heap after
{Heap after GC invocations=22 (full 0):
 garbage-first heap   total 90112K, used 47972K [0x0000000084000000, 0x0000000100000000)
  region size 1024K, 5 young (5120K), 5 survivors (5120K)
 Metaspace       used 59597K, committed 60288K, reserved 1114112K
  class space    used 7107K, committed 7424K, reserved 1048576K
}
Event: 26.148 GC heap before
{Heap before GC invocations=22 (full 0):
 garbage-first heap   total 90112K, used 73572K [0x0000000084000000, 0x0000000100000000)
  region size 1024K, 30 young (30720K), 5 survivors (5120K)
 Metaspace       used 60358K, committed 61056K, reserved 1114112K
  class space    used 7138K, committed 7488K, reserved 1048576K
}
Event: 26.191 GC heap after
{Heap after GC invocations=23 (full 0):
 garbage-first heap   total 90112K, used 52704K [0x0000000084000000, 0x0000000100000000)
  region size 1024K, 4 young (4096K), 4 survivors (4096K)
 Metaspace       used 60358K, committed 61056K, reserved 1114112K
  class space    used 7138K, committed 7488K, reserved 1048576K
}

