# JRE version: OpenJDK Runtime Environment (21.0.9) (build 21.0.9+-14787801-b1163.94)
# Java VM: OpenJDK 64-Bit Server VM (21.0.9+-14787801-b1163.94, mixed mode, tiered, compressed oops, compressed class ptrs, g1 gc, windows-amd64)
GC Precious Log:
 CardTable entry size: 512
 Card Set container configuration: InlinePtr #cards 5 size 8 Array Of Cards #cards 12 size 40 Howl #buckets 4 coarsen threshold 1843 Howl Bitmap #cards 512 size 80 coarsen threshold 460 Card regions per heap region 1 cards per card region 2048
 CPUs: 4 total, 4 available
 Memory: 7930M
 Large Page Support: Disabled
 NUMA Support: Disabled
 Compressed Oops: Enabled (32-bit)
 Heap Region Size: 1M
 Heap Min Capacity: 8M
 Heap Initial Capacity: 124M
 Heap Max Capacity: 1984M
 Pre-touch: Disabled
 Parallel Workers: 4
 Concurrent Workers: 1
 Concurrent Refinement Workers: 4
 Periodic GC: Disabled
Heap:
 garbage-first heap   total 266240K, used 246734K [0x0000000084000000, 0x0000000100000000)
  region size 1024K, 98 young (100352K), 9 survivors (9216K)
 Metaspace       used 102843K, committed 103616K, reserved 1179648K
  class space    used 10733K, committed 11136K, reserved 1048576K
GC Heap History (20 events):
Event: 97.786 GC heap before
{Heap before GC invocations=47 (full 0):
 garbage-first heap   total 215040K, used 200275K [0x0000000084000000, 0x0000000100000000)
  region size 1024K, 70 young (71680K), 4 survivors (4096K)
 Metaspace       used 76159K, committed 76928K, reserved 1179648K
  class space    used 8483K, committed 8896K, reserved 1048576K
}
Event: 97.810 GC heap after
{Heap after GC invocations=48 (full 0):
 garbage-first heap   total 215040K, used 133355K [0x0000000084000000, 0x0000000100000000)
  region size 1024K, 6 young (6144K), 6 survivors (6144K)
 Metaspace       used 76159K, committed 76928K, reserved 1179648K
  class space    used 8483K, committed 8896K, reserved 1048576K
}
Event: 102.365 GC heap before
{Heap before GC invocations=48 (full 0):
 garbage-first heap   total 215040K, used 201963K [0x0000000084000000, 0x0000000100000000)
  region size 1024K, 73 young (74752K), 6 survivors (6144K)
 Metaspace       used 82572K, committed 83328K, reserved 1179648K
  class space    used 9098K, committed 9472K, reserved 1048576K
}
Event: 102.397 GC heap after
{Heap after GC invocations=49 (full 0):
 garbage-first heap   total 215040K, used 138098K [0x0000000084000000, 0x0000000100000000)
  region size 1024K, 10 young (10240K), 10 survivors (10240K)
 Metaspace       used 82572K, committed 83328K, reserved 1179648K
  class space    used 9098K, committed 9472K, reserved 1048576K
}
Event: 106.584 GC heap before
{Heap before GC invocations=50 (full 0):
 garbage-first heap   total 230400K, used 202610K [0x0000000084000000, 0x0000000100000000)
  region size 1024K, 73 young (74752K), 10 survivors (10240K)
 Metaspace       used 83042K, committed 83840K, reserved 1179648K
  class space    used 9126K, committed 9536K, reserved 1048576K
}
Event: 106.647 GC heap after
{Heap after GC invocations=51 (full 0):
 garbage-first heap   total 230400K, used 147456K [0x0000000084000000, 0x0000000100000000)
  region size 1024K, 10 young (10240K), 10 survivors (10240K)
 Metaspace       used 83042K, committed 83840K, reserved 1179648K
  class space    used 9126K, committed 9536K, reserved 1048576K
}
Event: 110.786 GC heap before
{Heap before GC invocations=51 (full 0):
 garbage-first heap   total 230400K, used 212992K [0x0000000084000000, 0x0000000100000000)
  region size 1024K, 74 young (75776K), 10 survivors (10240K)
 Metaspace       used 89681K, committed 90432K, reserved 1179648K
  class space    used 9782K, committed 10176K, reserved 1048576K
}
Event: 110.843 GC heap after
{Heap after GC invocations=52 (full 0):
 garbage-first heap   total 232448K, used 154542K [0x0000000084000000, 0x0000000100000000)
  region size 1024K, 8 young (8192K), 8 survivors (8192K)
 Metaspace       used 89681K, committed 90432K, reserved 1179648K
  class space    used 9782K, committed 10176K, reserved 1048576K
}
Event: 114.951 GC heap before
{Heap before GC invocations=52 (full 0):
 garbage-first heap   total 232448K, used 213934K [0x0000000084000000, 0x0000000100000000)
  region size 1024K, 66 young (67584K), 8 survivors (8192K)
 Metaspace       used 94102K, committed 94848K, reserved 1179648K
  class space    used 10174K, committed 10560K, reserved 1048576K
}
Event: 115.015 GC heap after
{Heap after GC invocations=53 (full 0):
 garbage-first heap   total 232448K, used 161164K [0x0000000084000000, 0x0000000100000000)
  region size 1024K, 7 young (7168K), 7 survivors (7168K)
 Metaspace       used 94102K, committed 94848K, reserved 1179648K
  class space    used 10174K, committed 10560K, reserved 1048576K
}
Event: 118.446 GC heap before
{Heap before GC invocations=54 (full 0):
 garbage-first heap   total 266240K, used 213388K [0x0000000084000000, 0x0000000100000000)
  region size 1024K, 60 young (61440K), 7 survivors (7168K)
 Metaspace       used 95242K, committed 96064K, reserved 1179648K
  class space    used 10237K, committed 10624K, reserved 1048576K
}
Event: 118.473 GC heap after
{Heap after GC invocations=55 (full 0):
 garbage-first heap   total 266240K, used 161789K [0x0000000084000000, 0x0000000100000000)
  region size 1024K, 3 young (3072K), 3 survivors (3072K)
 Metaspace       used 95242K, committed 96064K, reserved 1179648K
  class space    used 10237K, committed 10624K, reserved 1048576K
}
Event: 120.916 GC heap before
{Heap before GC invocations=55 (full 0):
 garbage-first heap   total 266240K, used 245757K [0x0000000084000000, 0x0000000100000000)
  region size 1024K, 85 young (87040K), 3 survivors (3072K)
 Metaspace       used 95641K, committed 96448K, reserved 1179648K
  class space    used 10248K, committed 10624K, reserved 1048576K
}
Event: 120.962 GC heap after
{Heap after GC invocations=56 (full 0):
 garbage-first heap   total 266240K, used 147826K [0x0000000084000000, 0x0000000100000000)
  region size 1024K, 6 young (6144K), 6 survivors (6144K)
 Metaspace       used 95641K, committed 96448K, reserved 1179648K
  class space    used 10248K, committed 10624K, reserved 1048576K
}
Event: 125.328 GC heap before
{Heap before GC invocations=56 (full 0):
 garbage-first heap   total 266240K, used 243058K [0x0000000084000000, 0x0000000100000000)
  region size 1024K, 99 young (101376K), 6 survivors (6144K)
 Metaspace       used 100589K, committed 101376K, reserved 1179648K
  class space    used 10628K, committed 11008K, reserved 1048576K
}
Event: 125.365 GC heap after
{Heap after GC invocations=57 (full 0):
 garbage-first heap   total 266240K, used 151457K [0x0000000084000000, 0x0000000100000000)
  region size 1024K, 9 young (9216K), 9 survivors (9216K)
 Metaspace       used 100589K, committed 101376K, reserved 1179648K
  class space    used 10628K, committed 11008K, reserved 1048576K
}
Event: 130.073 GC heap before
{Heap before GC invocations=58 (full 0):
 garbage-first heap   total 266240K, used 248737K [0x0000000084000000, 0x0000000100000000)
  region size 1024K, 104 young (106496K), 9 survivors (9216K)
 Metaspace       used 102048K, committed 102784K, reserved 1179648K
  class space    used 10700K, committed 11072K, reserved 1048576K
}
Event: 130.131 GC heap after
{Heap after GC invocations=59 (full 0):
 garbage-first heap   total 266240K, used 156466K [0x0000000084000000, 0x0000000100000000)
  region size 1024K, 9 young (9216K), 9 survivors (9216K)
 Metaspace       used 102048K, committed 102784K, reserved 1179648K
  class space    used 10700K, committed 11072K, reserved 1048576K
}
Event: 133.370 GC heap before
{Heap before GC invocations=59 (full 0):
 garbage-first heap   total 266240K, used 248626K [0x0000000084000000, 0x0000000100000000)
  region size 1024K, 99 young (101376K), 9 survivors (9216K)
 Metaspace       used 102469K, committed 103232K, reserved 1179648K
  class space    used 10711K, committed 11072K, reserved 1048576K
}
Event: 133.417 GC heap after
{Heap after GC invocations=60 (full 0):
 garbage-first heap   total 266240K, used 156622K [0x0000000084000000, 0x0000000100000000)
  region size 1024K, 9 young (9216K), 9 survivors (9216K)
 Metaspace       used 102469K, committed 103232K, reserved 1179648K
  class space    used 10711K, committed 11072K, reserved 1048576K
}

