# JRE version: OpenJDK Runtime Environment (21.0.9) (build 21.0.9+-14787801-b1163.94)
# Java VM: OpenJDK 64-Bit Server VM (21.0.9+-14787801-b1163.94, mixed mode, tiered, compressed oops, compressed class ptrs, g1 gc, windows-amd64)
GC Precious Log:
 CardTable entry size: 512
 Card Set container configuration: InlinePtr #cards 4 size 8 Array Of Cards #cards 16 size 48 Howl #buckets 8 coarsen threshold 3686 Howl Bitmap #cards 512 size 80 coarsen threshold 460 Card regions per heap region 1 cards per card region 4096
 CPUs: 4 total, 4 available
 Memory: 7930M
 Large Page Support: Disabled
 NUMA Support: Disabled
 Compressed Oops: Enabled (Zero based)
 Heap Region Size: 2M
 Heap Min Capacity: 8M
 Heap Initial Capacity: 124M
 Heap Max Capacity: 3G
 Pre-touch: Disabled
 Parallel Workers: 4
 Concurrent Workers: 1
 Concurrent Refinement Workers: 4
 Periodic GC: Disabled
Heap:
 garbage-first heap   total 141312K, used 93023K [0x0000000740000000, 0x0000000800000000)
  region size 2048K, 4 young (8192K), 2 survivors (4096K)
 Metaspace       used 87541K, committed 89408K, reserved 557056K
  class space    used 12118K, committed 12992K, reserved 425984K
GC Heap History (20 events):
Event: 28.292 GC heap before
{Heap before GC invocations=13 (full 0):
 garbage-first heap   total 98304K, used 61816K [0x0000000740000000, 0x0000000800000000)
  region size 2048K, 12 young (24576K), 2 survivors (4096K)
 Metaspace       used 59165K, committed 60608K, reserved 491520K
  class space    used 8358K, committed 9088K, reserved 425984K
}
Event: 28.302 GC heap after
{Heap after GC invocations=14 (full 0):
 garbage-first heap   total 118784K, used 44118K [0x0000000740000000, 0x0000000800000000)
  region size 2048K, 2 young (4096K), 2 survivors (4096K)
 Metaspace       used 59165K, committed 60608K, reserved 491520K
  class space    used 8358K, committed 9088K, reserved 425984K
}
Event: 32.007 GC heap before
{Heap before GC invocations=15 (full 0):
 garbage-first heap   total 118784K, used 101462K [0x0000000740000000, 0x0000000800000000)
  region size 2048K, 31 young (63488K), 2 survivors (4096K)
 Metaspace       used 63850K, committed 65408K, reserved 491520K
  class space    used 8937K, committed 9664K, reserved 425984K
}
Event: 32.038 GC heap after
{Heap after GC invocations=16 (full 0):
 garbage-first heap   total 118784K, used 50068K [0x0000000740000000, 0x0000000800000000)
  region size 2048K, 4 young (8192K), 4 survivors (8192K)
 Metaspace       used 63850K, committed 65408K, reserved 491520K
  class space    used 8937K, committed 9664K, reserved 425984K
}
Event: 34.317 GC heap before
{Heap before GC invocations=16 (full 0):
 garbage-first heap   total 118784K, used 109460K [0x0000000740000000, 0x0000000800000000)
  region size 2048K, 30 young (61440K), 4 survivors (8192K)
 Metaspace       used 64472K, committed 66112K, reserved 491520K
  class space    used 8996K, committed 9792K, reserved 425984K
}
Event: 34.355 GC heap after
{Heap after GC invocations=17 (full 0):
 garbage-first heap   total 133120K, used 69351K [0x0000000740000000, 0x0000000800000000)
  region size 2048K, 4 young (8192K), 4 survivors (8192K)
 Metaspace       used 64472K, committed 66112K, reserved 491520K
  class space    used 8996K, committed 9792K, reserved 425984K
}
Event: 35.474 GC heap before
{Heap before GC invocations=17 (full 0):
 garbage-first heap   total 133120K, used 110311K [0x0000000740000000, 0x0000000800000000)
  region size 2048K, 25 young (51200K), 4 survivors (8192K)
 Metaspace       used 67475K, committed 69184K, reserved 491520K
  class space    used 9408K, committed 10240K, reserved 425984K
}
Event: 35.489 GC heap after
{Heap after GC invocations=18 (full 0):
 garbage-first heap   total 133120K, used 73627K [0x0000000740000000, 0x0000000800000000)
  region size 2048K, 2 young (4096K), 2 survivors (4096K)
 Metaspace       used 67475K, committed 69184K, reserved 491520K
  class space    used 9408K, committed 10240K, reserved 425984K
}
Event: 36.814 GC heap before
{Heap before GC invocations=19 (full 0):
 garbage-first heap   total 133120K, used 110491K [0x0000000740000000, 0x0000000800000000)
  region size 2048K, 21 young (43008K), 2 survivors (4096K)
 Metaspace       used 71168K, committed 72832K, reserved 491520K
  class space    used 9822K, committed 10624K, reserved 425984K
}
Event: 36.825 GC heap after
{Heap after GC invocations=20 (full 0):
 garbage-first heap   total 133120K, used 74927K [0x0000000740000000, 0x0000000800000000)
  region size 2048K, 1 young (2048K), 1 survivors (2048K)
 Metaspace       used 71168K, committed 72832K, reserved 491520K
  class space    used 9822K, committed 10624K, reserved 425984K
}
Event: 39.273 GC heap before
{Heap before GC invocations=20 (full 0):
 garbage-first heap   total 133120K, used 113839K [0x0000000740000000, 0x0000000800000000)
  region size 2048K, 21 young (43008K), 1 survivors (2048K)
 Metaspace       used 74629K, committed 76480K, reserved 491520K
  class space    used 10351K, committed 11264K, reserved 425984K
}
Event: 39.296 GC heap after
{Heap after GC invocations=21 (full 0):
 garbage-first heap   total 133120K, used 81772K [0x0000000740000000, 0x0000000800000000)
  region size 2048K, 3 young (6144K), 3 survivors (6144K)
 Metaspace       used 74629K, committed 76480K, reserved 491520K
  class space    used 10351K, committed 11264K, reserved 425984K
}
Event: 41.892 GC heap before
{Heap before GC invocations=21 (full 0):
 garbage-first heap   total 133120K, used 116588K [0x0000000740000000, 0x0000000800000000)
  region size 2048K, 20 young (40960K), 3 survivors (6144K)
 Metaspace       used 76967K, committed 78784K, reserved 557056K
  class space    used 10667K, committed 11584K, reserved 425984K
}
Event: 41.916 GC heap after
{Heap after GC invocations=22 (full 0):
 garbage-first heap   total 133120K, used 83309K [0x0000000740000000, 0x0000000800000000)
  region size 2048K, 2 young (4096K), 2 survivors (4096K)
 Metaspace       used 76967K, committed 78784K, reserved 557056K
  class space    used 10667K, committed 11584K, reserved 425984K
}
Event: 57.426 GC heap before
{Heap before GC invocations=23 (full 0):
 garbage-first heap   total 141312K, used 116077K [0x0000000740000000, 0x0000000800000000)
  region size 2048K, 18 young (36864K), 2 survivors (4096K)
 Metaspace       used 79925K, committed 81664K, reserved 557056K
  class space    used 11060K, committed 11904K, reserved 425984K
}
Event: 57.445 GC heap after
{Heap after GC invocations=24 (full 0):
 garbage-first heap   total 141312K, used 84875K [0x0000000740000000, 0x0000000800000000)
  region size 2048K, 3 young (6144K), 3 survivors (6144K)
 Metaspace       used 79925K, committed 81664K, reserved 557056K
  class space    used 11060K, committed 11904K, reserved 425984K
}
Event: 63.730 GC heap before
{Heap before GC invocations=24 (full 0):
 garbage-first heap   total 141312K, used 127883K [0x0000000740000000, 0x0000000800000000)
  region size 2048K, 22 young (45056K), 3 survivors (6144K)
 Metaspace       used 83890K, committed 85632K, reserved 557056K
  class space    used 11627K, committed 12480K, reserved 425984K
}
Event: 63.758 GC heap after
{Heap after GC invocations=25 (full 0):
 garbage-first heap   total 141312K, used 89186K [0x0000000740000000, 0x0000000800000000)
  region size 2048K, 2 young (4096K), 2 survivors (4096K)
 Metaspace       used 83890K, committed 85632K, reserved 557056K
  class space    used 11627K, committed 12480K, reserved 425984K
}
Event: 66.646 GC heap before
{Heap before GC invocations=25 (full 0):
 garbage-first heap   total 141312K, used 126050K [0x0000000740000000, 0x0000000800000000)
  region size 2048K, 20 young (40960K), 2 survivors (4096K)
 Metaspace       used 87353K, committed 89216K, reserved 557056K
  class space    used 12092K, committed 12992K, reserved 425984K
}
Event: 66.669 GC heap after
{Heap after GC invocations=26 (full 0):
 garbage-first heap   total 141312K, used 90975K [0x0000000740000000, 0x0000000800000000)
  region size 2048K, 2 young (4096K), 2 survivors (4096K)
 Metaspace       used 87353K, committed 89216K, reserved 557056K
  class space    used 12092K, committed 12992K, reserved 425984K
}

