# JRE version: OpenJDK Runtime Environment (21.0.9) (build 21.0.9+-14787801-b1163.94)
# Java VM: OpenJDK 64-Bit Server VM (21.0.9+-14787801-b1163.94, mixed mode, tiered, compressed oops, compressed class ptrs, g1 gc, windows-amd64)
GC Precious Log:
 CardTable entry size: 512
 Card Set container configuration: InlinePtr #cards 4 size 8 Array Of Cards #cards 16 size 48 Howl #buckets 8 coarsen threshold 3686 Howl Bitmap #cards 512 size 80 coarsen threshold 460 Card regions per heap region 1 cards per card region 4096
 CPUs: 4 total, 4 available
 Memory: 7930M
 Large Page Support: Disabled
 NUMA Support: Disabled
 Compressed Oops: Enabled (Zero based)
 Heap Region Size: 2M
 Heap Min Capacity: 8M
 Heap Initial Capacity: 124M
 Heap Max Capacity: 3G
 Pre-touch: Disabled
 Parallel Workers: 4
 Concurrent Workers: 1
 Concurrent Refinement Workers: 4
 Periodic GC: Disabled
Heap:
 garbage-first heap   total 526336K, used 422200K [0x0000000740000000, 0x0000000800000000)
  region size 2048K, 4 young (8192K), 4 survivors (8192K)
 Metaspace       used 149336K, committed 151616K, reserved 557056K
  class space    used 20533K, committed 21632K, reserved 425984K
GC Heap History (20 events):
Event: 193.447 GC heap after
{Heap after GC invocations=62 (full 0):
 garbage-first heap   total 337920K, used 158643K [0x0000000740000000, 0x0000000800000000)
  region size 2048K, 3 young (6144K), 3 survivors (6144K)
 Metaspace       used 145685K, committed 147904K, reserved 557056K
  class space    used 20046K, committed 21120K, reserved 425984K
}
Event: 198.880 GC heap before
{Heap before GC invocations=62 (full 0):
 garbage-first heap   total 337920K, used 316339K [0x0000000740000000, 0x0000000800000000)
  region size 2048K, 81 young (165888K), 3 survivors (6144K)
 Metaspace       used 146959K, committed 149248K, reserved 557056K
  class space    used 20221K, committed 21312K, reserved 425984K
}
Event: 198.920 GC heap after
{Heap after GC invocations=63 (full 0):
 garbage-first heap   total 337920K, used 169595K [0x0000000740000000, 0x0000000800000000)
  region size 2048K, 9 young (18432K), 9 survivors (18432K)
 Metaspace       used 146959K, committed 149248K, reserved 557056K
  class space    used 20221K, committed 21312K, reserved 425984K
}
Event: 200.510 GC heap before
{Heap before GC invocations=63 (full 0):
 garbage-first heap   total 337920K, used 302715K [0x0000000740000000, 0x0000000800000000)
  region size 2048K, 75 young (153600K), 9 survivors (18432K)
 Metaspace       used 147606K, committed 149824K, reserved 557056K
  class space    used 20316K, committed 21376K, reserved 425984K
}
Event: 200.566 GC heap after
{Heap after GC invocations=64 (full 0):
 garbage-first heap   total 337920K, used 182108K [0x0000000740000000, 0x0000000800000000)
  region size 2048K, 6 young (12288K), 6 survivors (12288K)
 Metaspace       used 147606K, committed 149824K, reserved 557056K
  class space    used 20316K, committed 21376K, reserved 425984K
}
Event: 203.496 GC heap before
{Heap before GC invocations=65 (full 0):
 garbage-first heap   total 346112K, used 343900K [0x0000000740000000, 0x0000000800000000)
  region size 2048K, 61 young (124928K), 6 survivors (12288K)
 Metaspace       used 148450K, committed 150656K, reserved 557056K
  class space    used 20445K, committed 21504K, reserved 425984K
}
Event: 203.527 GC heap after
{Heap after GC invocations=66 (full 0):
 garbage-first heap   total 380928K, used 237464K [0x0000000740000000, 0x0000000800000000)
  region size 2048K, 9 young (18432K), 9 survivors (18432K)
 Metaspace       used 148450K, committed 150656K, reserved 557056K
  class space    used 20445K, committed 21504K, reserved 425984K
}
Event: 204.884 GC heap before
{Heap before GC invocations=66 (full 0):
 garbage-first heap   total 380928K, used 350104K [0x0000000740000000, 0x0000000800000000)
  region size 2048K, 58 young (118784K), 9 survivors (18432K)
 Metaspace       used 148544K, committed 150720K, reserved 557056K
  class space    used 20451K, committed 21504K, reserved 425984K
}
Event: 205.020 GC heap after
{Heap after GC invocations=67 (full 0):
 garbage-first heap   total 411648K, used 280472K [0x0000000740000000, 0x0000000800000000)
  region size 2048K, 8 young (16384K), 8 survivors (16384K)
 Metaspace       used 148544K, committed 150720K, reserved 557056K
  class space    used 20451K, committed 21504K, reserved 425984K
}
Event: 206.233 GC heap before
{Heap before GC invocations=67 (full 0):
 garbage-first heap   total 411648K, used 356248K [0x0000000740000000, 0x0000000800000000)
  region size 2048K, 45 young (92160K), 8 survivors (16384K)
 Metaspace       used 148985K, committed 151232K, reserved 557056K
  class space    used 20503K, committed 21568K, reserved 425984K
}
Event: 206.414 GC heap after
{Heap after GC invocations=68 (full 0):
 garbage-first heap   total 411648K, used 317336K [0x0000000740000000, 0x0000000800000000)
  region size 2048K, 6 young (12288K), 6 survivors (12288K)
 Metaspace       used 148985K, committed 151232K, reserved 557056K
  class space    used 20503K, committed 21568K, reserved 425984K
}
Event: 207.750 GC heap before
{Heap before GC invocations=68 (full 0):
 garbage-first heap   total 526336K, used 362392K [0x0000000740000000, 0x0000000800000000)
  region size 2048K, 29 young (59392K), 6 survivors (12288K)
 Metaspace       used 149013K, committed 151232K, reserved 557056K
  class space    used 20503K, committed 21568K, reserved 425984K
}
Event: 207.899 GC heap after
{Heap after GC invocations=69 (full 0):
 garbage-first heap   total 526336K, used 340888K [0x0000000740000000, 0x0000000800000000)
  region size 2048K, 4 young (8192K), 4 survivors (8192K)
 Metaspace       used 149013K, committed 151232K, reserved 557056K
  class space    used 20503K, committed 21568K, reserved 425984K
}
Event: 209.109 GC heap before
{Heap before GC invocations=70 (full 0):
 garbage-first heap   total 526336K, used 437144K [0x0000000740000000, 0x0000000800000000)
  region size 2048K, 51 young (104448K), 4 survivors (8192K)
 Metaspace       used 149024K, committed 151232K, reserved 557056K
  class space    used 20503K, committed 21568K, reserved 425984K
}
Event: 209.319 GC heap after
{Heap after GC invocations=71 (full 0):
 garbage-first heap   total 526336K, used 392088K [0x0000000740000000, 0x0000000800000000)
  region size 2048K, 7 young (14336K), 7 survivors (14336K)
 Metaspace       used 149024K, committed 151232K, reserved 557056K
  class space    used 20503K, committed 21568K, reserved 425984K
}
Event: 210.693 GC heap before
{Heap before GC invocations=71 (full 0):
 garbage-first heap   total 526336K, used 453528K [0x0000000740000000, 0x0000000800000000)
  region size 2048K, 38 young (77824K), 7 survivors (14336K)
 Metaspace       used 149105K, committed 151360K, reserved 557056K
  class space    used 20506K, committed 21568K, reserved 425984K
}
Event: 210.846 GC heap after
{Heap after GC invocations=72 (full 0):
 garbage-first heap   total 526336K, used 402328K [0x0000000740000000, 0x0000000800000000)
  region size 2048K, 5 young (10240K), 5 survivors (10240K)
 Metaspace       used 149105K, committed 151360K, reserved 557056K
  class space    used 20506K, committed 21568K, reserved 425984K
}
Event: 212.118 GC heap before
{Heap before GC invocations=72 (full 0):
 garbage-first heap   total 526336K, used 461720K [0x0000000740000000, 0x0000000800000000)
  region size 2048K, 34 young (69632K), 5 survivors (10240K)
 Metaspace       used 149322K, committed 151616K, reserved 557056K
  class space    used 20533K, committed 21632K, reserved 425984K
}
Event: 212.177 GC heap after
{Heap after GC invocations=73 (full 0):
 garbage-first heap   total 526336K, used 414744K [0x0000000740000000, 0x0000000800000000)
  region size 2048K, 5 young (10240K), 5 survivors (10240K)
 Metaspace       used 149322K, committed 151616K, reserved 557056K
  class space    used 20533K, committed 21632K, reserved 425984K
}
Event: 213.303 GC heap before
{Heap before GC invocations=73 (full 0):
 garbage-first heap   total 526336K, used 470040K [0x0000000740000000, 0x0000000800000000)
  region size 2048K, 33 young (67584K), 5 survivors (10240K)
 Metaspace       used 149336K, committed 151616K, reserved 557056K
  class space    used 20533K, committed 21632K, reserved 425984K
}

