# JRE version: OpenJDK Runtime Environment (21.0.9) (build 21.0.9+-14787801-b1163.94)
# Java VM: OpenJDK 64-Bit Server VM (21.0.9+-14787801-b1163.94, mixed mode, tiered, compressed oops, compressed class ptrs, g1 gc, windows-amd64)
GC Precious Log:
 CardTable entry size: 512
 Card Set container configuration: InlinePtr #cards 4 size 8 Array Of Cards #cards 16 size 48 Howl #buckets 8 coarsen threshold 3686 Howl Bitmap #cards 512 size 80 coarsen threshold 460 Card regions per heap region 1 cards per card region 4096
 CPUs: 4 total, 4 available
 Memory: 7930M
 Large Page Support: Disabled
 NUMA Support: Disabled
 Compressed Oops: Enabled (Zero based)
 Heap Region Size: 2M
 Heap Min Capacity: 8M
 Heap Initial Capacity: 124M
 Heap Max Capacity: 3G
 Pre-touch: Disabled
 Parallel Workers: 4
 Concurrent Workers: 1
 Concurrent Refinement Workers: 4
 Periodic GC: Disabled
Heap:
 garbage-first heap   total 69632K, used 43515K [0x0000000740000000, 0x0000000800000000)
  region size 2048K, 13 young (26624K), 1 survivors (2048K)
 Metaspace       used 30058K, committed 30592K, reserved 491520K
  class space    used 3971K, committed 4224K, reserved 425984K
GC Heap History (10 events):
Event: 1.413 GC heap before
{Heap before GC invocations=0 (full 0):
 garbage-first heap   total 126976K, used 12288K [0x0000000740000000, 0x0000000800000000)
  region size 2048K, 6 young (12288K), 0 survivors (0K)
 Metaspace       used 7881K, committed 8064K, reserved 491520K
  class space    used 743K, committed 832K, reserved 425984K
}
Event: 1.421 GC heap after
{Heap after GC invocations=1 (full 0):
 garbage-first heap   total 126976K, used 1578K [0x0000000740000000, 0x0000000800000000)
  region size 2048K, 1 young (2048K), 1 survivors (2048K)
 Metaspace       used 7881K, committed 8064K, reserved 491520K
  class space    used 743K, committed 832K, reserved 425984K
}
Event: 2.669 GC heap before
{Heap before GC invocations=1 (full 0):
 garbage-first heap   total 126976K, used 22058K [0x0000000740000000, 0x0000000800000000)
  region size 2048K, 9 young (18432K), 1 survivors (2048K)
 Metaspace       used 9798K, committed 9984K, reserved 491520K
  class space    used 962K, committed 1024K, reserved 425984K
}
Event: 2.684 GC heap after
{Heap after GC invocations=2 (full 0):
 garbage-first heap   total 126976K, used 10056K [0x0000000740000000, 0x0000000800000000)
  region size 2048K, 2 young (4096K), 2 survivors (4096K)
 Metaspace       used 9798K, committed 9984K, reserved 491520K
  class space    used 962K, committed 1024K, reserved 425984K
}
Event: 5.833 GC heap before
{Heap before GC invocations=2 (full 0):
 garbage-first heap   total 126976K, used 79688K [0x0000000740000000, 0x0000000800000000)
  region size 2048K, 37 young (75776K), 2 survivors (4096K)
 Metaspace       used 12425K, committed 12608K, reserved 491520K
  class space    used 1323K, committed 1408K, reserved 425984K
}
Event: 5.855 GC heap after
{Heap after GC invocations=3 (full 0):
 garbage-first heap   total 126976K, used 14710K [0x0000000740000000, 0x0000000800000000)
  region size 2048K, 5 young (10240K), 5 survivors (10240K)
 Metaspace       used 12425K, committed 12608K, reserved 491520K
  class space    used 1323K, committed 1408K, reserved 425984K
}
Event: 8.871 GC heap before
{Heap before GC invocations=3 (full 0):
 garbage-first heap   total 126976K, used 49526K [0x0000000740000000, 0x0000000800000000)
  region size 2048K, 23 young (47104K), 5 survivors (10240K)
 Metaspace       used 21194K, committed 21504K, reserved 491520K
  class space    used 2502K, committed 2624K, reserved 425984K
}
Event: 8.891 GC heap after
{Heap after GC invocations=4 (full 0):
 garbage-first heap   total 126976K, used 19365K [0x0000000740000000, 0x0000000800000000)
  region size 2048K, 5 young (10240K), 5 survivors (10240K)
 Metaspace       used 21194K, committed 21504K, reserved 491520K
  class space    used 2502K, committed 2624K, reserved 425984K
}
Event: 10.531 GC heap before
{Heap before GC invocations=5 (full 0):
 garbage-first heap   total 69632K, used 50085K [0x0000000740000000, 0x0000000800000000)
  region size 2048K, 20 young (40960K), 5 survivors (10240K)
 Metaspace       used 26742K, committed 27200K, reserved 491520K
  class space    used 3372K, committed 3520K, reserved 425984K
}
Event: 10.550 GC heap after
{Heap after GC invocations=6 (full 0):
 garbage-first heap   total 69632K, used 20987K [0x0000000740000000, 0x0000000800000000)
  region size 2048K, 1 young (2048K), 1 survivors (2048K)
 Metaspace       used 26742K, committed 27200K, reserved 491520K
  class space    used 3372K, committed 3520K, reserved 425984K
}

