# JRE version: OpenJDK Runtime Environment (21.0.9) (build 21.0.9+-14787801-b1163.94)
# Java VM: OpenJDK 64-Bit Server VM (21.0.9+-14787801-b1163.94, mixed mode, tiered, compressed oops, compressed class ptrs, g1 gc, windows-amd64)
GC Precious Log:
 CardTable entry size: 512
 Card Set container configuration: InlinePtr #cards 5 size 8 Array Of Cards #cards 12 size 40 Howl #buckets 4 coarsen threshold 1843 Howl Bitmap #cards 512 size 80 coarsen threshold 460 Card regions per heap region 1 cards per card region 2048
 CPUs: 4 total, 4 available
 Memory: 7930M
 Large Page Support: Disabled
 NUMA Support: Disabled
 Compressed Oops: Enabled (32-bit)
 Heap Region Size: 1M
 Heap Min Capacity: 8M
 Heap Initial Capacity: 124M
 Heap Max Capacity: 1984M
 Pre-touch: Disabled
 Parallel Workers: 4
 Concurrent Workers: 1
 Concurrent Refinement Workers: 4
 Periodic GC: Disabled
Heap:
 garbage-first heap   total 83968K, used 67978K [0x0000000084000000, 0x0000000100000000)
  region size 1024K, 10 young (10240K), 3 survivors (3072K)
 Metaspace       used 60603K, committed 61248K, reserved 1114112K
  class space    used 7178K, committed 7488K, reserved 1048576K
GC Heap History (20 events):
Event: 11.991 GC heap before
{Heap before GC invocations=15 (full 0):
 garbage-first heap   total 52224K, used 41814K [0x0000000084000000, 0x0000000100000000)
  region size 1024K, 14 young (14336K), 3 survivors (3072K)
 Metaspace       used 53941K, committed 54592K, reserved 1114112K
  class space    used 6649K, committed 6976K, reserved 1048576K
}
Event: 12.008 GC heap after
{Heap after GC invocations=16 (full 0):
 garbage-first heap   total 63488K, used 34046K [0x0000000084000000, 0x0000000100000000)
  region size 1024K, 2 young (2048K), 2 survivors (2048K)
 Metaspace       used 53941K, committed 54592K, reserved 1114112K
  class space    used 6649K, committed 6976K, reserved 1048576K
}
Event: 12.402 GC heap before
{Heap before GC invocations=17 (full 0):
 garbage-first heap   total 63488K, used 54526K [0x0000000084000000, 0x0000000100000000)
  region size 1024K, 22 young (22528K), 2 survivors (2048K)
 Metaspace       used 53981K, committed 54656K, reserved 1114112K
  class space    used 6649K, committed 6976K, reserved 1048576K
}
Event: 12.412 GC heap after
{Heap after GC invocations=18 (full 0):
 garbage-first heap   total 63488K, used 35846K [0x0000000084000000, 0x0000000100000000)
  region size 1024K, 2 young (2048K), 2 survivors (2048K)
 Metaspace       used 53981K, committed 54656K, reserved 1114112K
  class space    used 6649K, committed 6976K, reserved 1048576K
}
Event: 13.236 GC heap before
{Heap before GC invocations=18 (full 0):
 garbage-first heap   total 63488K, used 55302K [0x0000000084000000, 0x0000000100000000)
  region size 1024K, 21 young (21504K), 2 survivors (2048K)
 Metaspace       used 55395K, committed 56128K, reserved 1114112K
  class space    used 6776K, committed 7104K, reserved 1048576K
}
Event: 13.254 GC heap after
{Heap after GC invocations=19 (full 0):
 garbage-first heap   total 63488K, used 36179K [0x0000000084000000, 0x0000000100000000)
  region size 1024K, 3 young (3072K), 3 survivors (3072K)
 Metaspace       used 55395K, committed 56128K, reserved 1114112K
  class space    used 6776K, committed 7104K, reserved 1048576K
}
Event: 14.599 GC heap before
{Heap before GC invocations=19 (full 0):
 garbage-first heap   total 63488K, used 55635K [0x0000000084000000, 0x0000000100000000)
  region size 1024K, 22 young (22528K), 3 survivors (3072K)
 Metaspace       used 58312K, committed 59072K, reserved 1114112K
  class space    used 7060K, committed 7424K, reserved 1048576K
}
Event: 14.627 GC heap after
{Heap after GC invocations=20 (full 0):
 garbage-first heap   total 63488K, used 39856K [0x0000000084000000, 0x0000000100000000)
  region size 1024K, 3 young (3072K), 3 survivors (3072K)
 Metaspace       used 58312K, committed 59072K, reserved 1114112K
  class space    used 7060K, committed 7424K, reserved 1048576K
}
Event: 16.032 GC heap before
{Heap before GC invocations=21 (full 0):
 garbage-first heap   total 66560K, used 56240K [0x0000000084000000, 0x0000000100000000)
  region size 1024K, 19 young (19456K), 3 survivors (3072K)
 Metaspace       used 58904K, committed 59584K, reserved 1114112K
  class space    used 7076K, committed 7424K, reserved 1048576K
}
Event: 16.056 GC heap after
{Heap after GC invocations=22 (full 0):
 garbage-first heap   total 66560K, used 45155K [0x0000000084000000, 0x0000000100000000)
  region size 1024K, 3 young (3072K), 3 survivors (3072K)
 Metaspace       used 58904K, committed 59584K, reserved 1114112K
  class space    used 7076K, committed 7424K, reserved 1048576K
}
Event: 16.919 GC heap before
{Heap before GC invocations=22 (full 0):
 garbage-first heap   total 66560K, used 57443K [0x0000000084000000, 0x0000000100000000)
  region size 1024K, 15 young (15360K), 3 survivors (3072K)
 Metaspace       used 59689K, committed 60352K, reserved 1114112K
  class space    used 7114K, committed 7424K, reserved 1048576K
}
Event: 16.944 GC heap after
{Heap after GC invocations=23 (full 0):
 garbage-first heap   total 66560K, used 47521K [0x0000000084000000, 0x0000000100000000)
  region size 1024K, 2 young (2048K), 2 survivors (2048K)
 Metaspace       used 59689K, committed 60352K, reserved 1114112K
  class space    used 7114K, committed 7424K, reserved 1048576K
}
Event: 17.637 GC heap before
{Heap before GC invocations=23 (full 0):
 garbage-first heap   total 66560K, used 58785K [0x0000000084000000, 0x0000000100000000)
  region size 1024K, 13 young (13312K), 2 survivors (2048K)
 Metaspace       used 59931K, committed 60608K, reserved 1114112K
  class space    used 7123K, committed 7424K, reserved 1048576K
}
Event: 17.654 GC heap after
{Heap after GC invocations=24 (full 0):
 garbage-first heap   total 83968K, used 50055K [0x0000000084000000, 0x0000000100000000)
  region size 1024K, 2 young (2048K), 2 survivors (2048K)
 Metaspace       used 59931K, committed 60608K, reserved 1114112K
  class space    used 7123K, committed 7424K, reserved 1048576K
}
Event: 18.748 GC heap before
{Heap before GC invocations=25 (full 0):
 garbage-first heap   total 83968K, used 71559K [0x0000000084000000, 0x0000000100000000)
  region size 1024K, 23 young (23552K), 2 survivors (2048K)
 Metaspace       used 60160K, committed 60864K, reserved 1114112K
  class space    used 7133K, committed 7488K, reserved 1048576K
}
Event: 18.778 GC heap after
{Heap after GC invocations=26 (full 0):
 garbage-first heap   total 83968K, used 54755K [0x0000000084000000, 0x0000000100000000)
  region size 1024K, 3 young (3072K), 3 survivors (3072K)
 Metaspace       used 60160K, committed 60864K, reserved 1114112K
  class space    used 7133K, committed 7488K, reserved 1048576K
}
Event: 19.349 GC heap before
{Heap before GC invocations=26 (full 0):
 garbage-first heap   total 83968K, used 73187K [0x0000000084000000, 0x0000000100000000)
  region size 1024K, 21 young (21504K), 3 survivors (3072K)
 Metaspace       used 60248K, committed 60928K, reserved 1114112K
  class space    used 7137K, committed 7488K, reserved 1048576K
}
Event: 19.378 GC heap after
{Heap after GC invocations=27 (full 0):
 garbage-first heap   total 83968K, used 58339K [0x0000000084000000, 0x0000000100000000)
  region size 1024K, 3 young (3072K), 3 survivors (3072K)
 Metaspace       used 60248K, committed 60928K, reserved 1114112K
  class space    used 7137K, committed 7488K, reserved 1048576K
}
Event: 19.858 GC heap before
{Heap before GC invocations=27 (full 0):
 garbage-first heap   total 83968K, used 74723K [0x0000000084000000, 0x0000000100000000)
  region size 1024K, 19 young (19456K), 3 survivors (3072K)
 Metaspace       used 60426K, committed 61120K, reserved 1114112K
  class space    used 7158K, committed 7488K, reserved 1048576K
}
Event: 19.885 GC heap after
{Heap after GC invocations=28 (full 0):
 garbage-first heap   total 83968K, used 61834K [0x0000000084000000, 0x0000000100000000)
  region size 1024K, 3 young (3072K), 3 survivors (3072K)
 Metaspace       used 60426K, committed 61120K, reserved 1114112K
  class space    used 7158K, committed 7488K, reserved 1048576K
}

