# JRE version: OpenJDK Runtime Environment (21.0.9) (build 21.0.9+-14787801-b1163.94)
# Java VM: OpenJDK 64-Bit Server VM (21.0.9+-14787801-b1163.94, mixed mode, tiered, compressed oops, compressed class ptrs, g1 gc, windows-amd64)
GC Precious Log:
 CardTable entry size: 512
 Card Set container configuration: InlinePtr #cards 4 size 8 Array Of Cards #cards 16 size 48 Howl #buckets 8 coarsen threshold 3686 Howl Bitmap #cards 512 size 80 coarsen threshold 460 Card regions per heap region 1 cards per card region 4096
 CPUs: 4 total, 4 available
 Memory: 7930M
 Large Page Support: Disabled
 NUMA Support: Disabled
 Compressed Oops: Enabled (Zero based)
 Heap Region Size: 2M
 Heap Min Capacity: 8M
 Heap Initial Capacity: 124M
 Heap Max Capacity: 3G
 Pre-touch: Disabled
 Parallel Workers: 4
 Concurrent Workers: 1
 Concurrent Refinement Workers: 4
 Periodic GC: Disabled
Heap:
 garbage-first heap   total 598016K, used 438002K [0x0000000740000000, 0x0000000800000000)
  region size 2048K, 6 young (12288K), 6 survivors (12288K)
 Metaspace       used 144662K, committed 147072K, reserved 557056K
  class space    used 20195K, committed 21376K, reserved 425984K
GC Heap History (20 events):
Event: 95.948 GC heap after
{Heap after GC invocations=56 (full 0):
 garbage-first heap   total 315392K, used 194419K [0x0000000740000000, 0x0000000800000000)
  region size 2048K, 4 young (8192K), 4 survivors (8192K)
 Metaspace       used 130553K, committed 132864K, reserved 557056K
  class space    used 17950K, committed 19072K, reserved 425984K
}
Event: 99.215 GC heap before
{Heap before GC invocations=56 (full 0):
 garbage-first heap   total 315392K, used 290675K [0x0000000740000000, 0x0000000800000000)
  region size 2048K, 51 young (104448K), 4 survivors (8192K)
 Metaspace       used 131517K, committed 133888K, reserved 557056K
  class space    used 18120K, committed 19264K, reserved 425984K
}
Event: 99.322 GC heap after
{Heap after GC invocations=57 (full 0):
 garbage-first heap   total 385024K, used 195775K [0x0000000740000000, 0x0000000800000000)
  region size 2048K, 7 young (14336K), 7 survivors (14336K)
 Metaspace       used 131517K, committed 133888K, reserved 557056K
  class space    used 18120K, committed 19264K, reserved 425984K
}
Event: 104.945 GC heap before
{Heap before GC invocations=57 (full 0):
 garbage-first heap   total 385024K, used 343231K [0x0000000740000000, 0x0000000800000000)
  region size 2048K, 79 young (161792K), 7 survivors (14336K)
 Metaspace       used 131917K, committed 134272K, reserved 557056K
  class space    used 18177K, committed 19328K, reserved 425984K
}
Event: 105.008 GC heap after
{Heap after GC invocations=58 (full 0):
 garbage-first heap   total 385024K, used 203340K [0x0000000740000000, 0x0000000800000000)
  region size 2048K, 5 young (10240K), 5 survivors (10240K)
 Metaspace       used 131917K, committed 134272K, reserved 557056K
  class space    used 18177K, committed 19328K, reserved 425984K
}
Event: 140.576 GC heap before
{Heap before GC invocations=58 (full 0):
 garbage-first heap   total 385024K, used 344652K [0x0000000740000000, 0x0000000800000000)
  region size 2048K, 75 young (153600K), 5 survivors (10240K)
 Metaspace       used 133382K, committed 135872K, reserved 557056K
  class space    used 18435K, committed 19648K, reserved 425984K
}
Event: 140.606 GC heap after
{Heap after GC invocations=59 (full 0):
 garbage-first heap   total 385024K, used 206848K [0x0000000740000000, 0x0000000800000000)
  region size 2048K, 6 young (12288K), 6 survivors (12288K)
 Metaspace       used 133382K, committed 135872K, reserved 557056K
  class space    used 18435K, committed 19648K, reserved 425984K
}
Event: 141.727 GC heap before
{Heap before GC invocations=59 (full 0):
 garbage-first heap   total 385024K, used 237568K [0x0000000740000000, 0x0000000800000000)
  region size 2048K, 22 young (45056K), 6 survivors (12288K)
 Metaspace       used 133809K, committed 136256K, reserved 557056K
  class space    used 18499K, committed 19712K, reserved 425984K
}
Event: 141.754 GC heap after
{Heap after GC invocations=60 (full 0):
 garbage-first heap   total 385024K, used 208676K [0x0000000740000000, 0x0000000800000000)
  region size 2048K, 4 young (8192K), 4 survivors (8192K)
 Metaspace       used 133809K, committed 136256K, reserved 557056K
  class space    used 18499K, committed 19712K, reserved 425984K
}
Event: 144.078 GC heap before
{Heap before GC invocations=61 (full 0):
 garbage-first heap   total 385024K, used 382756K [0x0000000740000000, 0x0000000800000000)
  region size 2048K, 61 young (124928K), 4 survivors (8192K)
 Metaspace       used 137497K, committed 139904K, reserved 557056K
  class space    used 19040K, committed 20224K, reserved 425984K
}
Event: 144.153 GC heap after
{Heap after GC invocations=62 (full 0):
 garbage-first heap   total 438272K, used 290642K [0x0000000740000000, 0x0000000800000000)
  region size 2048K, 10 young (20480K), 10 survivors (20480K)
 Metaspace       used 137497K, committed 139904K, reserved 557056K
  class space    used 19040K, committed 20224K, reserved 425984K
}
Event: 145.992 GC heap before
{Heap before GC invocations=62 (full 0):
 garbage-first heap   total 438272K, used 397138K [0x0000000740000000, 0x0000000800000000)
  region size 2048K, 60 young (122880K), 10 survivors (20480K)
 Metaspace       used 140231K, committed 142656K, reserved 557056K
  class space    used 19597K, committed 20800K, reserved 425984K
}
Event: 146.204 GC heap after
{Heap after GC invocations=63 (full 0):
 garbage-first heap   total 462848K, used 312317K [0x0000000740000000, 0x0000000800000000)
  region size 2048K, 8 young (16384K), 8 survivors (16384K)
 Metaspace       used 140231K, committed 142656K, reserved 557056K
  class space    used 19597K, committed 20800K, reserved 425984K
}
Event: 147.278 GC heap before
{Heap before GC invocations=63 (full 0):
 garbage-first heap   total 462848K, used 402429K [0x0000000740000000, 0x0000000800000000)
  region size 2048K, 52 young (106496K), 8 survivors (16384K)
 Metaspace       used 140324K, committed 142784K, reserved 557056K
  class space    used 19598K, committed 20800K, reserved 425984K
}
Event: 147.519 GC heap after
{Heap after GC invocations=64 (full 0):
 garbage-first heap   total 464896K, used 357376K [0x0000000740000000, 0x0000000800000000)
  region size 2048K, 7 young (14336K), 7 survivors (14336K)
 Metaspace       used 140324K, committed 142784K, reserved 557056K
  class space    used 19598K, committed 20800K, reserved 425984K
}
Event: 149.030 GC heap before
{Heap before GC invocations=64 (full 0):
 garbage-first heap   total 598016K, used 412672K [0x0000000740000000, 0x0000000800000000)
  region size 2048K, 34 young (69632K), 7 survivors (14336K)
 Metaspace       used 140341K, committed 142784K, reserved 557056K
  class space    used 19598K, committed 20800K, reserved 425984K
}
Event: 149.149 GC heap after
{Heap after GC invocations=65 (full 0):
 garbage-first heap   total 598016K, used 386048K [0x0000000740000000, 0x0000000800000000)
  region size 2048K, 5 young (10240K), 5 survivors (10240K)
 Metaspace       used 140341K, committed 142784K, reserved 557056K
  class space    used 19598K, committed 20800K, reserved 425984K
}
Event: 151.637 GC heap before
{Heap before GC invocations=66 (full 0):
 garbage-first heap   total 598016K, used 492544K [0x0000000740000000, 0x0000000800000000)
  region size 2048K, 58 young (118784K), 5 survivors (10240K)
 Metaspace       used 143314K, committed 145728K, reserved 557056K
  class space    used 19997K, committed 21184K, reserved 425984K
}
Event: 151.785 GC heap after
{Heap after GC invocations=67 (full 0):
 garbage-first heap   total 598016K, used 429056K [0x0000000740000000, 0x0000000800000000)
  region size 2048K, 8 young (16384K), 8 survivors (16384K)
 Metaspace       used 143314K, committed 145728K, reserved 557056K
  class space    used 19997K, committed 21184K, reserved 425984K
}
Event: 153.806 GC heap before
{Heap before GC invocations=67 (full 0):
 garbage-first heap   total 598016K, used 510976K [0x0000000740000000, 0x0000000800000000)
  region size 2048K, 49 young (100352K), 8 survivors (16384K)
 Metaspace       used 144662K, committed 147072K, reserved 557056K
  class space    used 20195K, committed 21376K, reserved 425984K
}

