# JRE version: OpenJDK Runtime Environment (21.0.9) (build 21.0.9+-14787801-b1163.94)
# Java VM: OpenJDK 64-Bit Server VM (21.0.9+-14787801-b1163.94, mixed mode, tiered, compressed oops, compressed class ptrs, g1 gc, windows-amd64)
GC Precious Log:
 CardTable entry size: 512
 Card Set container configuration: InlinePtr #cards 5 size 8 Array Of Cards #cards 12 size 40 Howl #buckets 4 coarsen threshold 1843 Howl Bitmap #cards 512 size 80 coarsen threshold 460 Card regions per heap region 1 cards per card region 2048
 CPUs: 4 total, 4 available
 Memory: 7930M
 Large Page Support: Disabled
 NUMA Support: Disabled
 Compressed Oops: Enabled (32-bit)
 Heap Region Size: 1M
 Heap Min Capacity: 8M
 Heap Initial Capacity: 124M
 Heap Max Capacity: 1984M
 Pre-touch: Disabled
 Parallel Workers: 4
 Concurrent Workers: 1
 Concurrent Refinement Workers: 4
 Periodic GC: Disabled
Heap:
 garbage-first heap   total 147456K, used 85540K [0x0000000084000000, 0x0000000100000000)
  region size 1024K, 23 young (23552K), 8 survivors (8192K)
 Metaspace       used 70654K, committed 71424K, reserved 1114112K
  class space    used 8271K, committed 8640K, reserved 1048576K
GC Heap History (20 events):
Event: 15.442 GC heap before
{Heap before GC invocations=19 (full 0):
 garbage-first heap   total 65536K, used 57344K [0x0000000084000000, 0x0000000100000000)
  region size 1024K, 20 young (20480K), 3 survivors (3072K)
 Metaspace       used 58583K, committed 59328K, reserved 1114112K
  class space    used 7059K, committed 7424K, reserved 1048576K
}
Event: 15.463 GC heap after
{Heap after GC invocations=20 (full 0):
 garbage-first heap   total 65536K, used 41665K [0x0000000084000000, 0x0000000100000000)
  region size 1024K, 3 young (3072K), 3 survivors (3072K)
 Metaspace       used 58583K, committed 59328K, reserved 1114112K
  class space    used 7059K, committed 7424K, reserved 1048576K
}
Event: 16.588 GC heap before
{Heap before GC invocations=20 (full 0):
 garbage-first heap   total 65536K, used 57025K [0x0000000084000000, 0x0000000100000000)
  region size 1024K, 18 young (18432K), 3 survivors (3072K)
 Metaspace       used 59295K, committed 60032K, reserved 1114112K
  class space    used 7089K, committed 7424K, reserved 1048576K
}
Event: 16.619 GC heap after
{Heap after GC invocations=21 (full 0):
 garbage-first heap   total 65536K, used 47104K [0x0000000084000000, 0x0000000100000000)
  region size 1024K, 3 young (3072K), 3 survivors (3072K)
 Metaspace       used 59295K, committed 60032K, reserved 1114112K
  class space    used 7089K, committed 7424K, reserved 1048576K
}
Event: 17.483 GC heap before
{Heap before GC invocations=22 (full 0):
 garbage-first heap   total 78848K, used 56320K [0x0000000084000000, 0x0000000100000000)
  region size 1024K, 13 young (13312K), 3 survivors (3072K)
 Metaspace       used 59822K, committed 60544K, reserved 1114112K
  class space    used 7109K, committed 7424K, reserved 1048576K
}
Event: 17.506 GC heap after
{Heap after GC invocations=23 (full 0):
 garbage-first heap   total 78848K, used 49387K [0x0000000084000000, 0x0000000100000000)
  region size 1024K, 2 young (2048K), 2 survivors (2048K)
 Metaspace       used 59822K, committed 60544K, reserved 1114112K
  class space    used 7109K, committed 7424K, reserved 1048576K
}
Event: 18.329 GC heap before
{Heap before GC invocations=23 (full 0):
 garbage-first heap   total 78848K, used 67819K [0x0000000084000000, 0x0000000100000000)
  region size 1024K, 20 young (20480K), 2 survivors (2048K)
 Metaspace       used 60093K, committed 60800K, reserved 1114112K
  class space    used 7119K, committed 7424K, reserved 1048576K
}
Event: 18.351 GC heap after
{Heap after GC invocations=24 (full 0):
 garbage-first heap   total 105472K, used 52164K [0x0000000084000000, 0x0000000100000000)
  region size 1024K, 3 young (3072K), 3 survivors (3072K)
 Metaspace       used 60093K, committed 60800K, reserved 1114112K
  class space    used 7119K, committed 7424K, reserved 1048576K
}
Event: 19.417 GC heap before
{Heap before GC invocations=24 (full 0):
 garbage-first heap   total 105472K, used 88004K [0x0000000084000000, 0x0000000100000000)
  region size 1024K, 38 young (38912K), 3 survivors (3072K)
 Metaspace       used 60335K, committed 61056K, reserved 1114112K
  class space    used 7132K, committed 7488K, reserved 1048576K
}
Event: 19.459 GC heap after
{Heap after GC invocations=25 (full 0):
 garbage-first heap   total 105472K, used 59392K [0x0000000084000000, 0x0000000100000000)
  region size 1024K, 5 young (5120K), 5 survivors (5120K)
 Metaspace       used 60335K, committed 61056K, reserved 1114112K
  class space    used 7132K, committed 7488K, reserved 1048576K
}
Event: 20.204 GC heap before
{Heap before GC invocations=25 (full 0):
 garbage-first heap   total 105472K, used 88064K [0x0000000084000000, 0x0000000100000000)
  region size 1024K, 33 young (33792K), 5 survivors (5120K)
 Metaspace       used 61110K, committed 61824K, reserved 1114112K
  class space    used 7237K, committed 7552K, reserved 1048576K
}
Event: 20.242 GC heap after
{Heap after GC invocations=26 (full 0):
 garbage-first heap   total 105472K, used 63884K [0x0000000084000000, 0x0000000100000000)
  region size 1024K, 4 young (4096K), 4 survivors (4096K)
 Metaspace       used 61110K, committed 61824K, reserved 1114112K
  class space    used 7237K, committed 7552K, reserved 1048576K
}
Event: 20.783 GC heap before
{Heap before GC invocations=26 (full 0):
 garbage-first heap   total 105472K, used 90508K [0x0000000084000000, 0x0000000100000000)
  region size 1024K, 30 young (30720K), 4 survivors (4096K)
 Metaspace       used 62586K, committed 63296K, reserved 1114112K
  class space    used 7464K, committed 7808K, reserved 1048576K
}
Event: 20.801 GC heap after
{Heap after GC invocations=27 (full 0):
 garbage-first heap   total 105472K, used 65003K [0x0000000084000000, 0x0000000100000000)
  region size 1024K, 1 young (1024K), 1 survivors (1024K)
 Metaspace       used 62586K, committed 63296K, reserved 1114112K
  class space    used 7464K, committed 7808K, reserved 1048576K
}
Event: 21.454 GC heap before
{Heap before GC invocations=28 (full 0):
 garbage-first heap   total 109568K, used 92651K [0x0000000084000000, 0x0000000100000000)
  region size 1024K, 28 young (28672K), 1 survivors (1024K)
 Metaspace       used 65157K, committed 65792K, reserved 1114112K
  class space    used 7876K, committed 8192K, reserved 1048576K
}
Event: 21.464 GC heap after
{Heap after GC invocations=29 (full 0):
 garbage-first heap   total 109568K, used 65488K [0x0000000084000000, 0x0000000100000000)
  region size 1024K, 2 young (2048K), 2 survivors (2048K)
 Metaspace       used 65157K, committed 65792K, reserved 1114112K
  class space    used 7876K, committed 8192K, reserved 1048576K
}
Event: 21.566 GC heap before
{Heap before GC invocations=29 (full 0):
 garbage-first heap   total 109568K, used 97232K [0x0000000084000000, 0x0000000100000000)
  region size 1024K, 33 young (33792K), 2 survivors (2048K)
 Metaspace       used 65179K, committed 65856K, reserved 1114112K
  class space    used 7876K, committed 8192K, reserved 1048576K
}
Event: 21.578 GC heap after
{Heap after GC invocations=30 (full 0):
 garbage-first heap   total 147456K, used 64281K [0x0000000084000000, 0x0000000100000000)
  region size 1024K, 2 young (2048K), 2 survivors (2048K)
 Metaspace       used 65179K, committed 65856K, reserved 1114112K
  class space    used 7876K, committed 8192K, reserved 1048576K
}
Event: 27.318 GC heap before
{Heap before GC invocations=30 (full 0):
 garbage-first heap   total 147456K, used 125721K [0x0000000084000000, 0x0000000100000000)
  region size 1024K, 62 young (63488K), 2 survivors (2048K)
 Metaspace       used 70142K, committed 70912K, reserved 1114112K
  class space    used 8249K, committed 8640K, reserved 1048576K
}
Event: 27.348 GC heap after
{Heap after GC invocations=31 (full 0):
 garbage-first heap   total 147456K, used 71204K [0x0000000084000000, 0x0000000100000000)
  region size 1024K, 8 young (8192K), 8 survivors (8192K)
 Metaspace       used 70142K, committed 70912K, reserved 1114112K
  class space    used 8249K, committed 8640K, reserved 1048576K
}

